Watching: prog.out
Printed
Printed
File prog.out was modified!
last_read: 0
Printed C to the screen
Printed a to the screen
Printed l to the screen
Printed l to the screen
Printed i to the screen
Printed n to the screen
Printed g to the screen
Printed   to the screen
Printed b to the screen
Printed a to the screen
Printed d to the screen
Printed _ to the screen
Printed f to the screen
Printed u to the screen
Printed n to the screen
Printed c to the screen
Printed ( to the screen
Printed ) to the screen
Printed   to the screen
Printed . to the screen
Printed . to the screen
Printed . to the screen
Printed I to the screen
Printed n to the screen
Printed   to the screen
Printed b to the screen
Printed a to the screen
Printed d to the screen
Printed   to the screen
Printed f to the screen
Printed u to the screen
Printed n to the screen
Printed c to the screen
Printed . to the screen
Printed . to the screen
Printed . to the screen
Printed I to the screen
Printed n to the screen
Printed   to the screen
Printed m to the screen
Printed y to the screen
Printed _ to the screen
Printed s to the screen
Printed t to the screen
Printed r to the screen
Printed c to the screen
Printed p to the screen
Printed y to the screen
Printed ( to the screen
Printed ) to the screen
Printed . to the screen
Printed . to the screen
Printed . to the screen
Printed B to the screen
Printed u to the screen
Printed f to the screen
Printed f to the screen
Printed e to the screen
Printed r to the screen
Printed   to the screen
Printed c to the screen
Printed o to the screen
Printed n to the screen
Printed t to the screen
Printed e to the screen
Printed n to the screen
Printed t to the screen
Printed s to the screen
Printed : to the screen
Printed   to the screen
Printed 0 to the screen
Reached the EOF character

File prog.out was modified!
last_read: 0
Printed C to the screen
Printed a to the screen
Printed l to the screen
Printed l to the screen
Printed i to the screen
Printed n to the screen
Printed g to the screen
Printed   to the screen
Printed b to the screen
Printed a to the screen
Printed d to the screen
Printed _ to the screen
Printed f to the screen
Printed u to the screen
Printed n to the screen
Printed c to the screen
Printed ( to the screen
Printed ) to the screen
Printed   to the screen
Printed . to the screen
Printed . to the screen
Printed . to the screen
Printed I to the screen
Printed n to the screen
Printed   to the screen
Printed b to the screen
Printed a to the screen
Printed d to the screen
Printed   to the screen
Printed f to the screen
Printed u to the screen
Printed n to the screen
Printed c to the screen
Printed . to the screen
Printed . to the screen
Printed . to the screen
Printed I to the screen
Printed n to the screen
Printed   to the screen
Printed m to the screen
Printed y to the screen
Printed _ to the screen
Printed s to the screen
Printed t to the screen
Printed r to the screen
Printed c to the screen
Printed p to the screen
Printed y to the screen
Printed ( to the screen
Printed ) to the screen
Printed . to the screen
Printed . to the screen
Printed . to the screen
Printed B to the screen
Printed u to the screen
Printed f to the screen
Printed f to the screen
Printed e to the screen
Printed r to the screen
Printed   to the screen
Printed c to the screen
Printed o to the screen
Printed n to the screen
Printed t to the screen
Printed e to the screen
Printed n to the screen
Printed t to the screen
Printed s to the screen
Printed : to the screen
Printed   to the screen
Printed 0 to the screen
Printed 1 to the screen
Reached the EOF character

File prog.out was modified!
last_read: 0
Printed C to the screen
Printed a to the screen
Printed l to the screen
Printed l to the screen
Printed i to the screen
Printed n to the screen
Printed g to the screen
Printed   to the screen
Printed b to the screen
Printed a to the screen
Printed d to the screen
Printed _ to the screen
Printed f to the screen
Printed u to the screen
Printed n to the screen
Printed c to the screen
Printed ( to the screen
Printed ) to the screen
Printed   to the screen
Printed . to the screen
Printed . to the screen
Printed . to the screen
Printed I to the screen
Printed n to the screen
Printed   to the screen
Printed b to the screen
Printed a to the screen
Printed d to the screen
Printed   to the screen
Printed f to the screen
Printed u to the screen
Printed n to the screen
Printed c to the screen
Printed . to the screen
Printed . to the screen
Printed . to the screen
Printed I to the screen
Printed n to the screen
Printed   to the screen
Printed m to the screen
Printed y to the screen
Printed _ to the screen
Printed s to the screen
Printed t to the screen
Printed r to the screen
Printed c to the screen
Printed p to the screen
Printed y to the screen
Printed ( to the screen
Printed ) to the screen
Printed . to the screen
Printed . to the screen
Printed . to the screen
Printed B to the screen
Printed u to the screen
Printed f to the screen
Printed f to the screen
Printed e to the screen
Printed r to the screen
Printed   to the screen
Printed c to the screen
Printed o to the screen
Printed n to the screen
Printed t to the screen
Printed e to the screen
Printed n to the screen
Printed t to the screen
Printed s to the screen
Printed : to the screen
Printed   to the screen
Printed 0 to the screen
Printed 1 to the screen
Printed 2 to the screen
Reached the EOF character

File prog.out was modified!
last_read: 0
Printed C to the screen
Printed a to the screen
Printed l to the screen
Printed l to the screen
Printed i to the screen
Printed n to the screen
Printed g to the screen
Printed   to the screen
Printed b to the screen
Printed a to the screen
Printed d to the screen
Printed _ to the screen
Printed f to the screen
Printed u to the screen
Printed n to the screen
Printed c to the screen
Printed ( to the screen
Printed ) to the screen
Printed   to the screen
Printed . to the screen
Printed . to the screen
Printed . to the screen
Printed I to the screen
Printed n to the screen
Printed   to the screen
Printed b to the screen
Printed a to the screen
Printed d to the screen
Printed   to the screen
Printed f to the screen
Printed u to the screen
Printed n to the screen
Printed c to the screen
Printed . to the screen
Printed . to the screen
Printed . to the screen
Printed I to the screen
Printed n to the screen
Printed   to the screen
Printed m to the screen
Printed y to the screen
Printed _ to the screen
Printed s to the screen
Printed t to the screen
Printed r to the screen
Printed c to the screen
Printed p to the screen
Printed y to the screen
Printed ( to the screen
Printed ) to the screen
Printed . to the screen
Printed . to the screen
Printed . to the screen
Printed B to the screen
Printed u to the screen
Printed f to the screen
Printed f to the screen
Printed e to the screen
Printed r to the screen
Printed   to the screen
Printed c to the screen
Printed o to the screen
Printed n to the screen
Printed t to the screen
Printed e to the screen
Printed n to the screen
Printed t to the screen
Printed s to the screen
Printed : to the screen
Printed   to the screen
Printed 0 to the screen
Printed 1 to the screen
Printed 2 to the screen
Printed 3 to the screen
Reached the EOF character

File prog.out was modified!
last_read: 0
Printed C to the screen
Printed a to the screen
Printed l to the screen
Printed l to the screen
Printed i to the screen
Printed n to the screen
Printed g to the screen
Printed   to the screen
Printed b to the screen
Printed a to the screen
Printed d to the screen
Printed _ to the screen
Printed f to the screen
Printed u to the screen
Printed n to the screen
Printed c to the screen
Printed ( to the screen
Printed ) to the screen
Printed   to the screen
Printed . to the screen
Printed . to the screen
Printed . to the screen
Printed I to the screen
Printed n to the screen
Printed   to the screen
Printed b to the screen
Printed a to the screen
Printed d to the screen
Printed   to the screen
Printed f to the screen
Printed u to the screen
Printed n to the screen
Printed c to the screen
Printed . to the screen
Printed . to the screen
Printed . to the screen
Printed I to the screen
Printed n to the screen
Printed   to the screen
Printed m to the screen
Printed y to the screen
Printed _ to the screen
Printed s to the screen
Printed t to the screen
Printed r to the screen
Printed c to the screen
Printed p to the screen
Printed y to the screen
Printed ( to the screen
Printed ) to the screen
Printed . to the screen
Printed . to the screen
Printed . to the screen
Printed B to the screen
Printed u to the screen
Printed f to the screen
Printed f to the screen
Printed e to the screen
Printed r to the screen
Printed   to the screen
Printed c to the screen
Printed o to the screen
Printed n to the screen
Printed t to the screen
Printed e to the screen
Printed n to the screen
Printed t to the screen
Printed s to the screen
Printed : to the screen
Printed   to the screen
Printed 0 to the screen
Printed 1 to the screen
Printed 2 to the screen
Printed 3 to the screen
Printed 4 to the screen
Reached the EOF character

File prog.out was modified!
last_read: 0
Printed C to the screen
Printed a to the screen
Printed l to the screen
Printed l to the screen
Printed i to the screen
Printed n to the screen
Printed g to the screen
Printed   to the screen
Printed b to the screen
Printed a to the screen
Printed d to the screen
Printed _ to the screen
Printed f to the screen
Printed u to the screen
Printed n to the screen
Printed c to the screen
Printed ( to the screen
Printed ) to the screen
Printed   to the screen
Printed . to the screen
Printed . to the screen
Printed . to the screen
Printed I to the screen
Printed n to the screen
Printed   to the screen
Printed b to the screen
Printed a to the screen
Printed d to the screen
Printed   to the screen
Printed f to the screen
Printed u to the screen
Printed n to the screen
Printed c to the screen
Printed . to the screen
Printed . to the screen
Printed . to the screen
Printed I to the screen
Printed n to the screen
Printed   to the screen
Printed m to the screen
Printed y to the screen
Printed _ to the screen
Printed s to the screen
Printed t to the screen
Printed r to the screen
Printed c to the screen
Printed p to the screen
Printed y to the screen
Printed ( to the screen
Printed ) to the screen
Printed . to the screen
Printed . to the screen
Printed . to the screen
Printed B to the screen
Printed u to the screen
Printed f to the screen
Printed f to the screen
Printed e to the screen
Printed r to the screen
Printed   to the screen
Printed c to the screen
Printed o to the screen
Printed n to the screen
Printed t to the screen
Printed e to the screen
Printed n to the screen
Printed t to the screen
Printed s to the screen
Printed : to the screen
Printed   to the screen
Printed 0 to the screen
Printed 1 to the screen
Printed 2 to the screen
Printed 3 to the screen
Printed 4 to the screen
Printed 5 to the screen
Reached the EOF character

File prog.out was modified!
last_read: 0
Printed C to the screen
Printed a to the screen
Printed l to the screen
Printed l to the screen
Printed i to the screen
Printed n to the screen
Printed g to the screen
Printed   to the screen
Printed b to the screen
Printed a to the screen
Printed d to the screen
Printed _ to the screen
Printed f to the screen
Printed u to the screen
Printed n to the screen
Printed c to the screen
Printed ( to the screen
Printed ) to the screen
Printed   to the screen
Printed . to the screen
Printed . to the screen
Printed . to the screen
Printed I to the screen
Printed n to the screen
Printed   to the screen
Printed b to the screen
Printed a to the screen
Printed d to the screen
Printed   to the screen
Printed f to the screen
Printed u to the screen
Printed n to the screen
Printed c to the screen
Printed . to the screen
Printed . to the screen
Printed . to the screen
Printed I to the screen
Printed n to the screen
Printed   to the screen
Printed m to the screen
Printed y to the screen
Printed _ to the screen
Printed s to the screen
Printed t to the screen
Printed r to the screen
Printed c to the screen
Printed p to the screen
Printed y to the screen
Printed ( to the screen
Printed ) to the screen
Printed . to the screen
Printed . to the screen
Printed . to the screen
Printed B to the screen
Printed u to the screen
Printed f to the screen
Printed f to the screen
Printed e to the screen
Printed r to the screen
Printed   to the screen
Printed c to the screen
Printed o to the screen
Printed n to the screen
Printed t to the screen
Printed e to the screen
Printed n to the screen
Printed t to the screen
Printed s to the screen
Printed : to the screen
Printed   to the screen
Printed 0 to the screen
Printed 1 to the screen
Printed 2 to the screen
Printed 3 to the screen
Printed 4 to the screen
Printed 5 to the screen
Printed 6 to the screen
Reached the EOF character

File prog.out was modified!
last_read: 0
Printed C to the screen
Printed a to the screen
Printed l to the screen
Printed l to the screen
Printed i to the screen
Printed n to the screen
Printed g to the screen
Printed   to the screen
Printed b to the screen
Printed a to the screen
Printed d to the screen
Printed _ to the screen
Printed f to the screen
Printed u to the screen
Printed n to the screen
Printed c to the screen
Printed ( to the screen
Printed ) to the screen
Printed   to the screen
Printed . to the screen
Printed . to the screen
Printed . to the screen
Printed I to the screen
Printed n to the screen
Printed   to the screen
Printed b to the screen
Printed a to the screen
Printed d to the screen
Printed   to the screen
Printed f to the screen
Printed u to the screen
Printed n to the screen
Printed c to the screen
Printed . to the screen
Printed . to the screen
Printed . to the screen
Printed I to the screen
Printed n to the screen
Printed   to the screen
Printed m to the screen
Printed y to the screen
Printed _ to the screen
Printed s to the screen
Printed t to the screen
Printed r to the screen
Printed c to the screen
Printed p to the screen
Printed y to the screen
Printed ( to the screen
Printed ) to the screen
Printed . to the screen
Printed . to the screen
Printed . to the screen
Printed B to the screen
Printed u to the screen
Printed f to the screen
Printed f to the screen
Printed e to the screen
Printed r to the screen
Printed   to the screen
Printed c to the screen
Printed o to the screen
Printed n to the screen
Printed t to the screen
Printed e to the screen
Printed n to the screen
Printed t to the screen
Printed s to the screen
Printed : to the screen
Printed   to the screen
Printed 0 to the screen
Printed 1 to the screen
Printed 2 to the screen
Printed 3 to the screen
Printed 4 to the screen
Printed 5 to the screen
Printed 6 to the screen
Printed 7 to the screen
Reached the EOF character

File prog.out was modified!
last_read: 0
Printed C to the screen
Printed a to the screen
Printed l to the screen
Printed l to the screen
Printed i to the screen
Printed n to the screen
Printed g to the screen
Printed   to the screen
Printed b to the screen
Printed a to the screen
Printed d to the screen
Printed _ to the screen
Printed f to the screen
Printed u to the screen
Printed n to the screen
Printed c to the screen
Printed ( to the screen
Printed ) to the screen
Printed   to the screen
Printed . to the screen
Printed . to the screen
Printed . to the screen
Printed I to the screen
Printed n to the screen
Printed   to the screen
Printed b to the screen
Printed a to the screen
Printed d to the screen
Printed   to the screen
Printed f to the screen
Printed u to the screen
Printed n to the screen
Printed c to the screen
Printed . to the screen
Printed . to the screen
Printed . to the screen
Printed I to the screen
Printed n to the screen
Printed   to the screen
Printed m to the screen
Printed y to the screen
Printed _ to the screen
Printed s to the screen
Printed t to the screen
Printed r to the screen
Printed c to the screen
Printed p to the screen
Printed y to the screen
Printed ( to the screen
Printed ) to the screen
Printed . to the screen
Printed . to the screen
Printed . to the screen
Printed B to the screen
Printed u to the screen
Printed f to the screen
Printed f to the screen
Printed e to the screen
Printed r to the screen
Printed   to the screen
Printed c to the screen
Printed o to the screen
Printed n to the screen
Printed t to the screen
Printed e to the screen
Printed n to the screen
Printed t to the screen
Printed s to the screen
Printed : to the screen
Printed   to the screen
Printed 0 to the screen
Printed 1 to the screen
Printed 2 to the screen
Printed 3 to the screen
Printed 4 to the screen
Printed 5 to the screen
Printed 6 to the screen
Printed 7 to the screen
Printed 8 to the screen
Reached the EOF character

File prog.out was modified!
last_read: 0
Printed C to the screen
Printed a to the screen
Printed l to the screen
Printed l to the screen
Printed i to the screen
Printed n to the screen
Printed g to the screen
Printed   to the screen
Printed b to the screen
Printed a to the screen
Printed d to the screen
Printed _ to the screen
Printed f to the screen
Printed u to the screen
Printed n to the screen
Printed c to the screen
Printed ( to the screen
Printed ) to the screen
Printed   to the screen
Printed . to the screen
Printed . to the screen
Printed . to the screen
Printed I to the screen
Printed n to the screen
Printed   to the screen
Printed b to the screen
Printed a to the screen
Printed d to the screen
Printed   to the screen
Printed f to the screen
Printed u to the screen
Printed n to the screen
Printed c to the screen
Printed . to the screen
Printed . to the screen
Printed . to the screen
Printed I to the screen
Printed n to the screen
Printed   to the screen
Printed m to the screen
Printed y to the screen
Printed _ to the screen
Printed s to the screen
Printed t to the screen
Printed r to the screen
Printed c to the screen
Printed p to the screen
Printed y to the screen
Printed ( to the screen
Printed ) to the screen
Printed . to the screen
Printed . to the screen
Printed . to the screen
Printed B to the screen
Printed u to the screen
Printed f to the screen
Printed f to the screen
Printed e to the screen
Printed r to the screen
Printed   to the screen
Printed c to the screen
Printed o to the screen
Printed n to the screen
Printed t to the screen
Printed e to the screen
Printed n to the screen
Printed t to the screen
Printed s to the screen
Printed : to the screen
Printed   to the screen
Printed 0 to the screen
Printed 1 to the screen
Printed 2 to the screen
Printed 3 to the screen
Printed 4 to the screen
Printed 5 to the screen
Printed 6 to the screen
Printed 7 to the screen
Printed 8 to the screen
Printed 9 to the screen
Reached the EOF character

File prog.out was modified!
last_read: 0
Printed C to the screen
Printed a to the screen
Printed l to the screen
Printed l to the screen
Printed i to the screen
Printed n to the screen
Printed g to the screen
Printed   to the screen
Printed b to the screen
Printed a to the screen
Printed d to the screen
Printed _ to the screen
Printed f to the screen
Printed u to the screen
Printed n to the screen
Printed c to the screen
Printed ( to the screen
Printed ) to the screen
Printed   to the screen
Printed . to the screen
Printed . to the screen
Printed . to the screen
Printed I to the screen
Printed n to the screen
Printed   to the screen
Printed b to the screen
Printed a to the screen
Printed d to the screen
Printed   to the screen
Printed f to the screen
Printed u to the screen
Printed n to the screen
Printed c to the screen
Printed . to the screen
Printed . to the screen
Printed . to the screen
Printed I to the screen
Printed n to the screen
Printed   to the screen
Printed m to the screen
Printed y to the screen
Printed _ to the screen
Printed s to the screen
Printed t to the screen
Printed r to the screen
Printed c to the screen
Printed p to the screen
Printed y to the screen
Printed ( to the screen
Printed ) to the screen
Printed . to the screen
Printed . to the screen
Printed . to the screen
Printed B to the screen
Printed u to the screen
Printed f to the screen
Printed f to the screen
Printed e to the screen
Printed r to the screen
Printed   to the screen
Printed c to the screen
Printed o to the screen
Printed n to the screen
Printed t to the screen
Printed e to the screen
Printed n to the screen
Printed t to the screen
Printed s to the screen
Printed : to the screen
Printed   to the screen
Printed 0 to the screen
Printed 1 to the screen
Printed 2 to the screen
Printed 3 to the screen
Printed 4 to the screen
Printed 5 to the screen
Printed 6 to the screen
Printed 7 to the screen
Printed 8 to the screen
Printed 9 to the screen
Printed 0 to the screen
Reached the EOF character

File prog.out was modified!
last_read: 0
Printed C to the screen
Printed a to the screen
Printed l to the screen
Printed l to the screen
Printed i to the screen
Printed n to the screen
Printed g to the screen
Printed   to the screen
Printed b to the screen
Printed a to the screen
Printed d to the screen
Printed _ to the screen
Printed f to the screen
Printed u to the screen
Printed n to the screen
Printed c to the screen
Printed ( to the screen
Printed ) to the screen
Printed   to the screen
Printed . to the screen
Printed . to the screen
Printed . to the screen
Printed I to the screen
Printed n to the screen
Printed   to the screen
Printed b to the screen
Printed a to the screen
Printed d to the screen
Printed   to the screen
Printed f to the screen
Printed u to the screen
Printed n to the screen
Printed c to the screen
Printed . to the screen
Printed . to the screen
Printed . to the screen
Printed I to the screen
Printed n to the screen
Printed   to the screen
Printed m to the screen
Printed y to the screen
Printed _ to the screen
Printed s to the screen
Printed t to the screen
Printed r to the screen
Printed c to the screen
Printed p to the screen
Printed y to the screen
Printed ( to the screen
Printed ) to the screen
Printed . to the screen
Printed . to the screen
Printed . to the screen
Printed B to the screen
Printed u to the screen
Printed f to the screen
Printed f to the screen
Printed e to the screen
Printed r to the screen
Printed   to the screen
Printed c to the screen
Printed o to the screen
Printed n to the screen
Printed t to the screen
Printed e to the screen
Printed n to the screen
Printed t to the screen
Printed s to the screen
Printed : to the screen
Printed   to the screen
Printed 0 to the screen
Printed 1 to the screen
Printed 2 to the screen
Printed 3 to the screen
Printed 4 to the screen
Printed 5 to the screen
Printed 6 to the screen
Printed 7 to the screen
Printed 8 to the screen
Printed 9 to the screen
Printed 0 to the screen
Printed 1 to the screen
Reached the EOF character

File prog.out was modified!
last_read: 0
Printed C to the screen
Printed a to the screen
Printed l to the screen
Printed l to the screen
Printed i to the screen
Printed n to the screen
Printed g to the screen
Printed   to the screen
Printed b to the screen
Printed a to the screen
Printed d to the screen
Printed _ to the screen
Printed f to the screen
Printed u to the screen
Printed n to the screen
Printed c to the screen
Printed ( to the screen
Printed ) to the screen
Printed   to the screen
Printed . to the screen
Printed . to the screen
Printed . to the screen
Printed I to the screen
Printed n to the screen
Printed   to the screen
Printed b to the screen
Printed a to the screen
Printed d to the screen
Printed   to the screen
Printed f to the screen
Printed u to the screen
Printed n to the screen
Printed c to the screen
Printed . to the screen
Printed . to the screen
Printed . to the screen
Printed I to the screen
Printed n to the screen
Printed   to the screen
Printed m to the screen
Printed y to the screen
Printed _ to the screen
Printed s to the screen
Printed t to the screen
Printed r to the screen
Printed c to the screen
Printed p to the screen
Printed y to the screen
Printed ( to the screen
Printed ) to the screen
Printed . to the screen
Printed . to the screen
Printed . to the screen
Printed B to the screen
Printed u to the screen
Printed f to the screen
Printed f to the screen
Printed e to the screen
Printed r to the screen
Printed   to the screen
Printed c to the screen
Printed o to the screen
Printed n to the screen
Printed t to the screen
Printed e to the screen
Printed n to the screen
Printed t to the screen
Printed s to the screen
Printed : to the screen
Printed   to the screen
Printed 0 to the screen
Printed 1 to the screen
Printed 2 to the screen
Printed 3 to the screen
Printed 4 to the screen
Printed 5 to the screen
Printed 6 to the screen
Printed 7 to the screen
Printed 8 to the screen
Printed 9 to the screen
Printed 0 to the screen
Printed 1 to the screen
Printed 2 to the screen
Reached the EOF character

File prog.out was modified!
last_read: 0
Printed C to the screen
Printed a to the screen
Printed l to the screen
Printed l to the screen
Printed i to the screen
Printed n to the screen
Printed g to the screen
Printed   to the screen
Printed b to the screen
Printed a to the screen
Printed d to the screen
Printed _ to the screen
Printed f to the screen
Printed u to the screen
Printed n to the screen
Printed c to the screen
Printed ( to the screen
Printed ) to the screen
Printed   to the screen
Printed . to the screen
Printed . to the screen
Printed . to the screen
Printed I to the screen
Printed n to the screen
Printed   to the screen
Printed b to the screen
Printed a to the screen
Printed d to the screen
Printed   to the screen
Printed f to the screen
Printed u to the screen
Printed n to the screen
Printed c to the screen
Printed . to the screen
Printed . to the screen
Printed . to the screen
Printed I to the screen
Printed n to the screen
Printed   to the screen
Printed m to the screen
Printed y to the screen
Printed _ to the screen
Printed s to the screen
Printed t to the screen
Printed r to the screen
Printed c to the screen
Printed p to the screen
Printed y to the screen
Printed ( to the screen
Printed ) to the screen
Printed . to the screen
Printed . to the screen
Printed . to the screen
Printed B to the screen
Printed u to the screen
Printed f to the screen
Printed f to the screen
Printed e to the screen
Printed r to the screen
Printed   to the screen
Printed c to the screen
Printed o to the screen
Printed n to the screen
Printed t to the screen
Printed e to the screen
Printed n to the screen
Printed t to the screen
Printed s to the screen
Printed : to the screen
Printed   to the screen
Printed 0 to the screen
Printed 1 to the screen
Printed 2 to the screen
Printed 3 to the screen
Printed 4 to the screen
Printed 5 to the screen
Printed 6 to the screen
Printed 7 to the screen
Printed 8 to the screen
Printed 9 to the screen
Printed 0 to the screen
Printed 1 to the screen
Printed 2 to the screen
Printed 3 to the screen
Reached the EOF character

File prog.out was modified!
last_read: 0
Printed C to the screen
Printed a to the screen
Printed l to the screen
Printed l to the screen
Printed i to the screen
Printed n to the screen
Printed g to the screen
Printed   to the screen
Printed b to the screen
Printed a to the screen
Printed d to the screen
Printed _ to the screen
Printed f to the screen
Printed u to the screen
Printed n to the screen
Printed c to the screen
Printed ( to the screen
Printed ) to the screen
Printed   to the screen
Printed . to the screen
Printed . to the screen
Printed . to the screen
Printed I to the screen
Printed n to the screen
Printed   to the screen
Printed b to the screen
Printed a to the screen
Printed d to the screen
Printed   to the screen
Printed f to the screen
Printed u to the screen
Printed n to the screen
Printed c to the screen
Printed . to the screen
Printed . to the screen
Printed . to the screen
Printed I to the screen
Printed n to the screen
Printed   to the screen
Printed m to the screen
Printed y to the screen
Printed _ to the screen
Printed s to the screen
Printed t to the screen
Printed r to the screen
Printed c to the screen
Printed p to the screen
Printed y to the screen
Printed ( to the screen
Printed ) to the screen
Printed . to the screen
Printed . to the screen
Printed . to the screen
Printed B to the screen
Printed u to the screen
Printed f to the screen
Printed f to the screen
Printed e to the screen
Printed r to the screen
Printed   to the screen
Printed c to the screen
Printed o to the screen
Printed n to the screen
Printed t to the screen
Printed e to the screen
Printed n to the screen
Printed t to the screen
Printed s to the screen
Printed : to the screen
Printed   to the screen
Printed 0 to the screen
Printed 1 to the screen
Printed 2 to the screen
Printed 3 to the screen
Printed 4 to the screen
Printed 5 to the screen
Printed 6 to the screen
Printed 7 to the screen
Printed 8 to the screen
Printed 9 to the screen
Printed 0 to the screen
Printed 1 to the screen
Printed 2 to the screen
Printed 3 to the screen
Printed 4 to the screen
Reached the EOF character

Printed
