==8230== Memcheck, a memory error detector
==8230== Copyright (C) 2002-2017, and GNU GPL'd, by Julian Seward et al.
==8230== Using Valgrind-3.17.0 and LibVEX; rerun with -h for copyright info
==8230== Command: ./bin/nlines_test
==8230== 
==8230== 
==8230== HEAP SUMMARY:
==8230==     in use at exit: 761,853 bytes in 198 blocks
==8230==   total heap usage: 216 allocs, 18 frees, 772,341 bytes allocated
==8230== 
==8230== LEAK SUMMARY:
==8230==    definitely lost: 0 bytes in 0 blocks
==8230==    indirectly lost: 0 bytes in 0 blocks
==8230==      possibly lost: 0 bytes in 0 blocks
==8230==    still reachable: 761,853 bytes in 198 blocks
==8230==         suppressed: 0 bytes in 0 blocks
==8230== Reachable blocks (those to which a pointer was found) are not shown.
==8230== To see them, rerun with: --leak-check=full --show-leak-kinds=all
==8230== 
==8230== For lists of detected and suppressed errors, rerun with: -s
==8230== ERROR SUMMARY: 0 errors from 0 contexts (suppressed: 0 from 0)
